<?xml version="1.0" encoding="UTF-8"?>
<!-- Generated by org.testng.reporters.JUnitReportReporter -->
<testsuite hostname="SD-LP-W10-bhasheesh" failures="0" tests="1" name="LinkedIn.GoogleTest" time="6.766" errors="0" timestamp="2023-07-12T14:04:48 EEST" skipped="0">
  <testcase classname="LinkedIn.GoogleTest" name="Open_Google_and_Search" time="6.766"/>
</testsuite> <!-- LinkedIn.GoogleTest -->
