<?xml version="1.0" encoding="UTF-8"?>
<!-- Generated by org.testng.reporters.JUnitReportReporter -->
<testsuite hostname="SD-LP-W10-bhasheesh" failures="0" tests="1" name="LinkedIn.NewTest" time="1.405" errors="0" timestamp="2023-07-03T15:09:15 EEST" skipped="0">
  <testcase classname="LinkedIn.NewTest" name="f" time="1.405"/>
</testsuite> <!-- LinkedIn.NewTest -->
