<?xml version="1.0" encoding="UTF-8"?>
<!-- Generated by org.testng.reporters.JUnitReportReporter -->
<testsuite hostname="SD-LP-W10-bhasheesh" failures="0" tests="1" name="LinkedIn.LoginTest" time="4.599" errors="0" timestamp="2023-07-02T08:55:42 EEST" skipped="0">
  <testcase classname="LinkedIn.LoginTest" name="Login_with_Valid_Phone_Number_and_Password" time="4.599"/>
</testsuite> <!-- LinkedIn.LoginTest -->
